<?xml version="1.0" encoding="UTF-8"?>
<testng-results ignored="0" total="1" passed="1" failed="0" skipped="0">
  <reporter-output>
    <line>
      <![CDATA[Successfully logged into application]]>
    </line>
  </reporter-output>
  <suite started-at="2025-08-06T12:36:16 AEST" name="Suite" finished-at="2025-08-06T12:36:19 AEST" duration-ms="2227">
    <groups>
    </groups>
    <test started-at="2025-08-06T12:36:16 AEST" name="Test" finished-at="2025-08-06T12:36:19 AEST" duration-ms="2227">
      <class name="testNg.LoginTest">
        <test-method is-config="true" signature="lauchBrowser()[pri:0, instance:testNg.LoginTest@ba2f4ec]" started-at="2025-08-06T12:36:16 AEST" name="lauchBrowser" finished-at="2025-08-06T12:36:18 AEST" duration-ms="1918" status="PASS">
          <reporter-output>
          </reporter-output>
        </test-method> <!-- lauchBrowser -->
        <test-method signature="SigninApplication(java.lang.String,java.lang.String)[pri:0, instance:testNg.LoginTest@ba2f4ec]" started-at="2025-08-06T12:36:18 AEST" name="SigninApplication" finished-at="2025-08-06T12:36:19 AEST" duration-ms="276" status="PASS">
          <params>
            <param index="0">
              <value>
                <![CDATA[standard_user]]>
              </value>
            </param>
            <param index="1">
              <value>
                <![CDATA[secret_sauce]]>
              </value>
            </param>
          </params>
          <reporter-output>
            <line>
              <![CDATA[Successfully logged into application]]>
            </line>
          </reporter-output>
        </test-method> <!-- SigninApplication -->
      </class> <!-- testNg.LoginTest -->
    </test> <!-- Test -->
  </suite> <!-- Suite -->
</testng-results>
